1645034287825	geckodriver	INFO	Listening on 127.0.0.1:57051
1645034288351	mozrunner::runner	INFO	Running command: "/Applications/Firefox.app/Contents/MacOS/firefox-bin" "--marionette" "--remote-debugging-port" "57052" "-foreground" "-no-remote" "-profile" "/var/folders/w3/f24fy2nj3c15lxjkgr3rlv9h0000gn/T/rust_mozprofilezEfWxf"
1645034289892	Marionette	INFO	Marionette enabled
console.warn: SearchSettings: "get: No settings file exists, new profile?" (new NotFoundError("Could not open the file at /var/folders/w3/f24fy2nj3c15lxjkgr3rlv9h0000gn/T/rust_mozprofilezEfWxf/search.json.mozlz4", (void 0)))
console.error: BackgroundUpdate: 
  _reasonsToNotScheduleUpdates: Failed to check for Maintenance Service Registry Key: [Exception... "Component returned failure code: 0x80004001 (NS_ERROR_NOT_IMPLEMENTED) [nsIUpdateProcessor.getServiceRegKeyExists]"  nsresult: "0x80004001 (NS_ERROR_NOT_IMPLEMENTED)"  location: "JS frame :: resource://gre/modules/BackgroundUpdate.jsm :: _reasonsToNotScheduleUpdates :: line 241"  data: no]
DevTools listening on ws://localhost:57052/devtools/browser/80f76148-3d3f-486a-af77-05d4adc82f1b
1645034292410	Marionette	INFO	Listening on port 57058
1645034292523	RemoteAgent	WARN	TLS certificate errors will be ignored for this session
1645034367601	Marionette	INFO	Stopped listening on port 57058

###!!! [Parent][PImageBridgeParent] Error: RunMessage(msgname=PImageBridge::Msg_WillClose) Channel closing: too late to send/recv, messages will be lost

1645034446471	geckodriver	INFO	Listening on 127.0.0.1:57781
1645034446486	mozrunner::runner	INFO	Running command: "/Applications/Firefox.app/Contents/MacOS/firefox-bin" "--marionette" "--remote-debugging-port" "57782" "-foreground" "-no-remote" "-profile" "/var/folders/w3/f24fy2nj3c15lxjkgr3rlv9h0000gn/T/rust_mozprofiledrBkcU"
1645034447634	Marionette	INFO	Marionette enabled
console.warn: SearchSettings: "get: No settings file exists, new profile?" (new NotFoundError("Could not open the file at /var/folders/w3/f24fy2nj3c15lxjkgr3rlv9h0000gn/T/rust_mozprofiledrBkcU/search.json.mozlz4", (void 0)))
console.error: BackgroundUpdate: 
  _reasonsToNotScheduleUpdates: Failed to check for Maintenance Service Registry Key: [Exception... "Component returned failure code: 0x80004001 (NS_ERROR_NOT_IMPLEMENTED) [nsIUpdateProcessor.getServiceRegKeyExists]"  nsresult: "0x80004001 (NS_ERROR_NOT_IMPLEMENTED)"  location: "JS frame :: resource://gre/modules/BackgroundUpdate.jsm :: _reasonsToNotScheduleUpdates :: line 241"  data: no]
DevTools listening on ws://localhost:57782/devtools/browser/a4ec57f9-66b1-4b6d-934f-6c8217675f17
1645034449920	Marionette	INFO	Listening on port 57785
1645034450015	RemoteAgent	WARN	TLS certificate errors will be ignored for this session
1645034963730	geckodriver	INFO	Listening on 127.0.0.1:59999
1645034964252	mozrunner::runner	INFO	Running command: "/Applications/Firefox.app/Contents/MacOS/firefox-bin" "--marionette" "--remote-debugging-port" "60000" "-foreground" "-no-remote" "-profile" "/var/folders/w3/f24fy2nj3c15lxjkgr3rlv9h0000gn/T/rust_mozprofileL9ST4N"
1645034965421	Marionette	INFO	Marionette enabled
console.warn: SearchSettings: "get: No settings file exists, new profile?" (new NotFoundError("Could not open the file at /var/folders/w3/f24fy2nj3c15lxjkgr3rlv9h0000gn/T/rust_mozprofileL9ST4N/search.json.mozlz4", (void 0)))
console.error: BackgroundUpdate: 
  _reasonsToNotScheduleUpdates: Failed to check for Maintenance Service Registry Key: [Exception... "Component returned failure code: 0x80004001 (NS_ERROR_NOT_IMPLEMENTED) [nsIUpdateProcessor.getServiceRegKeyExists]"  nsresult: "0x80004001 (NS_ERROR_NOT_IMPLEMENTED)"  location: "JS frame :: resource://gre/modules/BackgroundUpdate.jsm :: _reasonsToNotScheduleUpdates :: line 241"  data: no]
DevTools listening on ws://localhost:60000/devtools/browser/1203f5e3-f3ff-4daf-9fbe-d4eb0b37f2b9
1645034967923	Marionette	INFO	Listening on port 60009
1645034968010	RemoteAgent	WARN	TLS certificate errors will be ignored for this session
1645035001763	Marionette	INFO	Stopped listening on port 60009

###!!! [Parent][PImageBridgeParent] Error: RunMessage(msgname=PImageBridge::Msg_WillClose) Channel closing: too late to send/recv, messages will be lost

1645035045920	geckodriver	INFO	Listening on 127.0.0.1:60431
1645035046440	mozrunner::runner	INFO	Running command: "/Applications/Firefox.app/Contents/MacOS/firefox-bin" "--marionette" "--remote-debugging-port" "60432" "-foreground" "-no-remote" "-profile" "/var/folders/w3/f24fy2nj3c15lxjkgr3rlv9h0000gn/T/rust_mozprofilekkPaih"
1645035047592	Marionette	INFO	Marionette enabled
console.warn: SearchSettings: "get: No settings file exists, new profile?" (new NotFoundError("Could not open the file at /var/folders/w3/f24fy2nj3c15lxjkgr3rlv9h0000gn/T/rust_mozprofilekkPaih/search.json.mozlz4", (void 0)))
console.error: BackgroundUpdate: 
  _reasonsToNotScheduleUpdates: Failed to check for Maintenance Service Registry Key: [Exception... "Component returned failure code: 0x80004001 (NS_ERROR_NOT_IMPLEMENTED) [nsIUpdateProcessor.getServiceRegKeyExists]"  nsresult: "0x80004001 (NS_ERROR_NOT_IMPLEMENTED)"  location: "JS frame :: resource://gre/modules/BackgroundUpdate.jsm :: _reasonsToNotScheduleUpdates :: line 241"  data: no]
DevTools listening on ws://localhost:60432/devtools/browser/345cfb61-0b28-4247-8bf8-bf04d2757551
1645035049930	Marionette	INFO	Listening on port 60441
1645035049978	RemoteAgent	WARN	TLS certificate errors will be ignored for this session
1645035061947	Marionette	INFO	Stopped listening on port 60441

###!!! [Parent][PImageBridgeParent] Error: RunMessage(msgname=PImageBridge::Msg_WillClose) Channel closing: too late to send/recv, messages will be lost

1645036813923	Marionette	INFO	Stopped listening on port 57785
console.warn: TopSitesFeed: Failed to fetch data from Contile server: NetworkError when attempting to fetch resource.

###!!! [Parent][PImageBridgeParent] Error: RunMessage(msgname=PImageBridge::Msg_WillClose) Channel closing: too late to send/recv, messages will be lost

